2023-11-13T13:14:16.4608980+02:00 [INF] (Serilog.AspNetCore.RequestLoggingMiddleware) HTTP "GET" "/swagger" responded 301 in 492.2956 ms
2023-11-13T13:14:16.7146427+02:00 [INF] (Serilog.AspNetCore.RequestLoggingMiddleware) HTTP "GET" "/swagger/index.html" responded 200 in 156.3342 ms
2023-11-13T13:14:16.7549594+02:00 [INF] (Serilog.AspNetCore.RequestLoggingMiddleware) HTTP "GET" "/swagger/swagger-ui-standalone-preset.js" responded 200 in 29.5417 ms
2023-11-13T13:14:16.7549078+02:00 [INF] (Serilog.AspNetCore.RequestLoggingMiddleware) HTTP "GET" "/swagger/swagger-ui.css" responded 200 in 29.4908 ms
2023-11-13T13:14:16.7725858+02:00 [INF] (Serilog.AspNetCore.RequestLoggingMiddleware) HTTP "GET" "/swagger/swagger-ui-bundle.js" responded 200 in 47.1591 ms
2023-11-13T13:14:16.9387017+02:00 [INF] (Serilog.AspNetCore.RequestLoggingMiddleware) HTTP "GET" "/swagger/favicon-32x32.png" responded 200 in 0.8760 ms
2023-11-13T13:14:17.0252570+02:00 [INF] (Serilog.AspNetCore.RequestLoggingMiddleware) HTTP "GET" "/swagger/v1/swagger.json" responded 200 in 96.3765 ms
2023-11-13T13:42:37.4208600+02:00 [INF] (Serilog.AspNetCore.RequestLoggingMiddleware) HTTP "GET" "/swagger/index.html" responded 200 in 225.1955 ms
2023-11-13T13:42:37.6977943+02:00 [INF] (Serilog.AspNetCore.RequestLoggingMiddleware) HTTP "GET" "/swagger/v1/swagger.json" responded 200 in 82.4767 ms
2023-11-13T13:43:25.2245883+02:00 [INF] (Serilog.AspNetCore.RequestLoggingMiddleware) HTTP "POST" "/api/authentcate/api/sign-in" responded 400 in 26340.3505 ms
2023-11-13T13:44:00.3856421+02:00 [INF] (Serilog.AspNetCore.RequestLoggingMiddleware) HTTP "POST" "/api/authentcate/api/sign-in" responded 400 in 4779.6344 ms
2023-11-13T13:48:21.3062062+02:00 [INF] (Serilog.AspNetCore.RequestLoggingMiddleware) HTTP "GET" "/swagger/index.html" responded 200 in 588.2157 ms
2023-11-13T13:48:21.5176994+02:00 [INF] (Serilog.AspNetCore.RequestLoggingMiddleware) HTTP "GET" "/swagger/v1/swagger.json" responded 200 in 97.7895 ms
2023-11-13T13:49:37.7914846+02:00 [INF] (Serilog.AspNetCore.RequestLoggingMiddleware) HTTP "GET" "/swagger/index.html" responded 200 in 210.4518 ms
2023-11-13T13:49:38.0137107+02:00 [INF] (Serilog.AspNetCore.RequestLoggingMiddleware) HTTP "GET" "/swagger/v1/swagger.json" responded 200 in 84.1786 ms
2023-11-13T13:50:21.2237879+02:00 [INF] (Serilog.AspNetCore.RequestLoggingMiddleware) HTTP "POST" "/signIn" responded 200 in 18612.9959 ms
2023-11-13T13:51:06.1545378+02:00 [INF] (Serilog.AspNetCore.RequestLoggingMiddleware) HTTP "GET" "/swagger/index.html" responded 200 in 237.8950 ms
2023-11-13T13:51:06.3718568+02:00 [INF] (Serilog.AspNetCore.RequestLoggingMiddleware) HTTP "GET" "/swagger/v1/swagger.json" responded 200 in 93.8843 ms
2023-11-13T13:57:47.3472440+02:00 [INF] (Serilog.AspNetCore.RequestLoggingMiddleware) HTTP "GET" "/swagger/index.html" responded 200 in 565.2033 ms
2023-11-13T13:57:47.4268934+02:00 [INF] (Serilog.AspNetCore.RequestLoggingMiddleware) HTTP "GET" "/Files/Swagger/swagger.css" responded 200 in 37.5638 ms
2023-11-13T13:57:47.5883187+02:00 [INF] (Serilog.AspNetCore.RequestLoggingMiddleware) HTTP "GET" "/swagger/v1/swagger.json" responded 200 in 83.0491 ms
2023-11-13T14:25:03.8125531+02:00 [INF] (Serilog.AspNetCore.RequestLoggingMiddleware) HTTP "GET" "/swagger/index.html" responded 200 in 221.3261 ms
2023-11-13T14:25:04.0482704+02:00 [INF] (Serilog.AspNetCore.RequestLoggingMiddleware) HTTP "GET" "/swagger/v1/swagger.json" responded 200 in 92.1514 ms
2023-11-13T14:27:07.5556625+02:00 [INF] (Serilog.AspNetCore.RequestLoggingMiddleware) HTTP "POST" "/api/authentcate/signIn" responded 200 in 14939.7505 ms
2023-11-13T14:27:25.1315787+02:00 [INF] (Serilog.AspNetCore.RequestLoggingMiddleware) HTTP "POST" "/api/authentcate/signIn" responded 400 in 4387.2651 ms
2023-11-13T14:46:43.6198546+02:00 [INF] (Serilog.AspNetCore.RequestLoggingMiddleware) HTTP "GET" "/swagger/index.html" responded 200 in 253.9692 ms
2023-11-13T14:46:43.8708930+02:00 [INF] (Serilog.AspNetCore.RequestLoggingMiddleware) HTTP "GET" "/swagger/v1/swagger.json" responded 200 in 135.9400 ms
2023-11-13T14:55:21.4738310+02:00 [INF] (Serilog.AspNetCore.RequestLoggingMiddleware) HTTP "GET" "/swagger/index.html" responded 200 in 269.2029 ms
2023-11-13T14:55:21.6785369+02:00 [INF] (Serilog.AspNetCore.RequestLoggingMiddleware) HTTP "GET" "/swagger/v1/swagger.json" responded 200 in 90.3640 ms
2023-11-13T14:55:32.7416629+02:00 [INF] (Serilog.AspNetCore.RequestLoggingMiddleware) HTTP "GET" "/api/UserMaster/api/get-all" responded 401 in 22.5479 ms
2023-11-13T14:56:04.4058755+02:00 [INF] (Serilog.AspNetCore.RequestLoggingMiddleware) HTTP "POST" "/api/authentcate/signIn" responded 200 in 5799.3535 ms
2023-11-13T14:56:24.4388754+02:00 [INF] (Serilog.AspNetCore.RequestLoggingMiddleware) HTTP "GET" "/api/UserMaster/api/get-all" responded 200 in 1652.2531 ms
2023-11-13T17:20:48.2907575+02:00 [INF] (Serilog.AspNetCore.RequestLoggingMiddleware) HTTP "GET" "/swagger/index.html" responded 200 in 894.4338 ms
2023-11-13T17:20:48.6329021+02:00 [INF] (Serilog.AspNetCore.RequestLoggingMiddleware) HTTP "GET" "/swagger/v1/swagger.json" responded 200 in 163.2147 ms
2023-11-13T17:21:05.7813791+02:00 [INF] (Serilog.AspNetCore.RequestLoggingMiddleware) HTTP "POST" "/api/authentcate/signIn" responded 200 in 358.6460 ms
2023-11-13T17:21:32.8722264+02:00 [INF] (Serilog.AspNetCore.RequestLoggingMiddleware) HTTP "POST" "/api/authentcate/signIn" responded 200 in 65.8153 ms
2023-11-13T17:25:21.7716166+02:00 [INF] (Serilog.AspNetCore.RequestLoggingMiddleware) HTTP "GET" "/swagger/index.html" responded 200 in 200.5765 ms
2023-11-13T17:25:21.9531203+02:00 [INF] (Serilog.AspNetCore.RequestLoggingMiddleware) HTTP "GET" "/swagger/v1/swagger.json" responded 200 in 73.5355 ms
2023-11-13T17:43:16.5281841+02:00 [INF] (Serilog.AspNetCore.RequestLoggingMiddleware) HTTP "GET" "/swagger/index.html" responded 200 in 551.1573 ms
2023-11-13T17:43:16.7820545+02:00 [INF] (Serilog.AspNetCore.RequestLoggingMiddleware) HTTP "GET" "/swagger/v1/swagger.json" responded 200 in 87.7465 ms
2023-11-13T17:43:36.3273178+02:00 [INF] (Serilog.AspNetCore.RequestLoggingMiddleware) HTTP "POST" "/api/authentcate/signIn" responded 200 in 2859.0172 ms
2023-11-13T17:43:50.8793222+02:00 [INF] (Serilog.AspNetCore.RequestLoggingMiddleware) HTTP "POST" "/api/authentcate/signIn" responded 200 in 3067.3725 ms
2023-11-13T17:44:10.1905698+02:00 [INF] (Serilog.AspNetCore.RequestLoggingMiddleware) HTTP "POST" "/api/authentcate/signIn" responded 200 in 7762.5641 ms
2023-11-13T17:54:51.7190087+02:00 [INF] (Serilog.AspNetCore.RequestLoggingMiddleware) HTTP "GET" "/swagger/index.html" responded 200 in 4656.9233 ms
2023-11-13T17:54:51.9681853+02:00 [INF] (Serilog.AspNetCore.RequestLoggingMiddleware) HTTP "GET" "/swagger/v1/swagger.json" responded 200 in 118.1849 ms
2023-11-13T17:54:52.7638566+02:00 [INF] (Serilog.AspNetCore.RequestLoggingMiddleware) HTTP "POST" "/api/authentcate/signIn" responded 200 in 5714.9704 ms
2023-11-13T17:55:37.5236824+02:00 [INF] (Serilog.AspNetCore.RequestLoggingMiddleware) HTTP "GET" "/swagger/index.html" responded 200 in 4047.9037 ms
2023-11-13T17:55:37.7546436+02:00 [INF] (Serilog.AspNetCore.RequestLoggingMiddleware) HTTP "GET" "/swagger/v1/swagger.json" responded 200 in 114.0222 ms
2023-11-13T17:56:06.8049617+02:00 [INF] (Serilog.AspNetCore.RequestLoggingMiddleware) HTTP "POST" "/api/authentcate/signIn" responded 200 in 33340.6000 ms
2023-11-13T17:59:48.0740216+02:00 [INF] (Serilog.AspNetCore.RequestLoggingMiddleware) HTTP "GET" "/swagger/index.html" responded 200 in 559.3053 ms
2023-11-13T17:59:48.2963591+02:00 [INF] (Serilog.AspNetCore.RequestLoggingMiddleware) HTTP "GET" "/swagger/v1/swagger.json" responded 200 in 101.0231 ms
2023-11-13T17:59:59.3398216+02:00 [INF] (Serilog.AspNetCore.RequestLoggingMiddleware) HTTP "POST" "/api/authentcate/signIn" responded 400 in 5129.2365 ms
2023-11-13T18:07:41.8849389+02:00 [INF] (Serilog.AspNetCore.RequestLoggingMiddleware) HTTP "GET" "/swagger/index.html" responded 200 in 241.5329 ms
2023-11-13T18:07:42.0952256+02:00 [INF] (Serilog.AspNetCore.RequestLoggingMiddleware) HTTP "GET" "/swagger/v1/swagger.json" responded 200 in 93.4375 ms
2023-11-13T18:07:52.8470319+02:00 [INF] (Serilog.AspNetCore.RequestLoggingMiddleware) HTTP "POST" "/api/authentcate/signIn" responded 200 in 7962.3004 ms
2023-11-13T18:08:02.2479344+02:00 [INF] (Serilog.AspNetCore.RequestLoggingMiddleware) HTTP "POST" "/api/authentcate/signIn" responded 400 in 4219.1146 ms
2023-11-13T18:16:50.4723866+02:00 [INF] (Serilog.AspNetCore.RequestLoggingMiddleware) HTTP "GET" "/swagger/index.html" responded 200 in 200.4522 ms
2023-11-13T18:16:50.7133873+02:00 [INF] (Serilog.AspNetCore.RequestLoggingMiddleware) HTTP "GET" "/swagger/v1/swagger.json" responded 200 in 100.6189 ms
2023-11-13T18:17:15.4464870+02:00 [INF] (Serilog.AspNetCore.RequestLoggingMiddleware) HTTP "POST" "/api/authentcate/signIn" responded 400 in 22493.8313 ms
2023-11-13T18:17:50.0985048+02:00 [INF] (Serilog.AspNetCore.RequestLoggingMiddleware) HTTP "GET" "/swagger/index.html" responded 200 in 216.1935 ms
2023-11-13T18:17:50.2891487+02:00 [INF] (Serilog.AspNetCore.RequestLoggingMiddleware) HTTP "GET" "/swagger/v1/swagger.json" responded 200 in 72.8304 ms
2023-11-13T18:18:47.9995412+02:00 [INF] (Serilog.AspNetCore.RequestLoggingMiddleware) HTTP "GET" "/swagger/index.html" responded 200 in 4045.6272 ms
2023-11-13T18:18:48.2411549+02:00 [INF] (Serilog.AspNetCore.RequestLoggingMiddleware) HTTP "GET" "/swagger/v1/swagger.json" responded 200 in 101.7079 ms
2023-11-13T18:21:54.6674579+02:00 [INF] (Serilog.AspNetCore.RequestLoggingMiddleware) HTTP "GET" "/swagger/index.html" responded 200 in 563.6984 ms
2023-11-13T18:21:54.8937864+02:00 [INF] (Serilog.AspNetCore.RequestLoggingMiddleware) HTTP "GET" "/swagger/v1/swagger.json" responded 200 in 73.1302 ms
2023-11-13T18:22:16.3933126+02:00 [INF] (Serilog.AspNetCore.RequestLoggingMiddleware) HTTP "POST" "/api/authentcate/signIn" responded 400 in 16640.8003 ms
2023-11-13T18:22:28.9063834+02:00 [INF] (Serilog.AspNetCore.RequestLoggingMiddleware) HTTP "POST" "/api/authentcate/signIn" responded 400 in 3694.9346 ms
2023-11-13T18:22:38.5475602+02:00 [INF] (Serilog.AspNetCore.RequestLoggingMiddleware) HTTP "POST" "/api/authentcate/signIn" responded 200 in 5901.5584 ms
2023-11-13T18:24:51.7326231+02:00 [INF] (Serilog.AspNetCore.RequestLoggingMiddleware) HTTP "GET" "/swagger/index.html" responded 200 in 3535.1464 ms
2023-11-13T18:24:51.9564924+02:00 [INF] (Serilog.AspNetCore.RequestLoggingMiddleware) HTTP "GET" "/swagger/v1/swagger.json" responded 200 in 112.4267 ms
2023-11-13T18:24:54.7422986+02:00 [INF] (Serilog.AspNetCore.RequestLoggingMiddleware) HTTP "POST" "/api/authentcate/signIn" responded 200 in 6555.2612 ms
2023-11-13T18:37:26.5458066+02:00 [INF] (Serilog.AspNetCore.RequestLoggingMiddleware) HTTP "GET" "/swagger/index.html" responded 200 in 210.5599 ms
2023-11-13T18:37:26.7297448+02:00 [INF] (Serilog.AspNetCore.RequestLoggingMiddleware) HTTP "GET" "/swagger/v1/swagger.json" responded 200 in 71.2596 ms
2023-11-13T18:41:34.1698928+02:00 [INF] (Serilog.AspNetCore.RequestLoggingMiddleware) HTTP "GET" "/api/UserMaster/api/get-all" responded 401 in 29.6498 ms
2023-11-13T18:41:46.0908450+02:00 [INF] (Serilog.AspNetCore.RequestLoggingMiddleware) HTTP "GET" "/api/UserMaster/api/get-all" responded 200 in 3709.4114 ms
2023-11-13T19:15:19.8081238+02:00 [INF] (Serilog.AspNetCore.RequestLoggingMiddleware) HTTP "GET" "/swagger/index.html" responded 200 in 584.4465 ms
2023-11-13T19:15:19.9993053+02:00 [INF] (Serilog.AspNetCore.RequestLoggingMiddleware) HTTP "GET" "/swagger/v1/swagger.json" responded 200 in 82.9943 ms
2023-11-13T19:15:26.0599821+02:00 [INF] (Serilog.AspNetCore.RequestLoggingMiddleware) HTTP "POST" "/api/authentcate/signIn" responded 400 in 3897.1671 ms
2023-11-13T19:15:38.9584429+02:00 [INF] (Serilog.AspNetCore.RequestLoggingMiddleware) HTTP "POST" "/api/authentcate/signIn" responded 400 in 7465.8142 ms
2023-11-13T19:15:47.5711007+02:00 [INF] (Serilog.AspNetCore.RequestLoggingMiddleware) HTTP "POST" "/api/authentcate/signIn" responded 200 in 3796.1826 ms
2023-11-13T19:16:13.9529577+02:00 [INF] (Serilog.AspNetCore.RequestLoggingMiddleware) HTTP "GET" "/api/UserMaster/api/get-all" responded 200 in 1603.7718 ms
